This is TeX, Version 3.14159 (Web2C 7.3.1) (format=latex 1999.9.25)  13 JUN 2000 10:34
**haskell-tutorial.tex
(haskell-tutorial.tex
LaTeX2e <1998/12/01> patch level 1
Babel <v3.6x> and hyphenation patterns for american, french, german, ngerman, i
talian, nohyphenation, loaded.
(/usr/share/texmf/tex/latex/base/article.cls
Document Class: article 1999/01/07 v1.4a Standard LaTeX document class
(/usr/share/texmf/tex/latex/base/size11.clo
File: size11.clo 1999/01/07 v1.4a Standard LaTeX file (size option)
)
\c@part=\count79
\c@section=\count80
\c@subsection=\count81
\c@subsubsection=\count82
\c@paragraph=\count83
\c@subparagraph=\count84
\c@figure=\count85
\c@table=\count86
\abovecaptionskip=\skip41
\belowcaptionskip=\skip42
\bibindent=\dimen102
) (report-refs.tex)
(/usr/share/texmf/tex/plain/dvips/epsf.tex
This is `epsf.tex' v2.7k <10 July 1997>
\epsffilein=\read1
\epsfframemargin=\dimen103
\epsfframethickness=\dimen104
\epsfrsize=\dimen105
\epsftmp=\dimen106
\epsftsize=\dimen107
\epsfxsize=\dimen108
\epsfysize=\dimen109
\pspoints=\dimen110
\epsfnoopenhelp=\toks14
) (haskell-tutorial.aux)
\openout1 = `haskell-tutorial.aux'.

LaTeX Font Info:    Checking defaults for OML/cmm/m/it on input line 40.
LaTeX Font Info:    ... okay on input line 40.
LaTeX Font Info:    Checking defaults for T1/cmr/m/n on input line 40.
LaTeX Font Info:    ... okay on input line 40.
LaTeX Font Info:    Checking defaults for OT1/cmr/m/n on input line 40.
LaTeX Font Info:    ... okay on input line 40.
LaTeX Font Info:    Checking defaults for OMS/cmsy/m/n on input line 40.
LaTeX Font Info:    ... okay on input line 40.
LaTeX Font Info:    Checking defaults for OMX/cmex/m/n on input line 40.
LaTeX Font Info:    ... okay on input line 40.
LaTeX Font Info:    Checking defaults for U/cmr/m/n on input line 40.
LaTeX Font Info:    ... okay on input line 40.
LaTeX Font Info:    External font `cmex10' loaded for size
(Font)              <12> on input line 56.
LaTeX Font Info:    External font `cmex10' loaded for size
(Font)              <8> on input line 56.
LaTeX Font Info:    External font `cmex10' loaded for size
(Font)              <6> on input line 56.
LaTeX Font Info:    Try loading font information for OMS+cmr on input line 58.
 (/usr/share/texmf/tex/latex/base/omscmr.fd
File: omscmr.fd 1998/03/27 v2.5g Standard LaTeX font definitions
)
LaTeX Font Info:    Font shape `OMS/cmr/m/n' in size <10.95> not available
(Font)              Font shape `OMS/cmsy/m/n' tried instead on input line 58.
 (intro.tex [1

]
LaTeX Font Info:    External font `cmex10' loaded for size
(Font)              <10.95> on input line 58.
LaTeX Font Info:    External font `cmex10' loaded for size
(Font)              <9> on input line 58.
LaTeX Font Info:    External font `cmex10' loaded for size
(Font)              <5> on input line 58.
) (goodies.tex [2] [3] [4] [5]
Underfull \hbox (badness 10000) in paragraph at lines 287--291

 []

[6]
Underfull \hbox (badness 10000) in paragraph at lines 322--328

 []

[7] [8]
Underfull \hbox (badness 10000) in paragraph at lines 475--481

 []

[9]) (functions.tex [10]
Underfull \hbox (badness 10000) in paragraph at lines 102--106

 []

[11]
Underfull \hbox (badness 10000) in paragraph at lines 130--134

 []

[12] [13] [14]
Underfull \hbox (badness 10000) in paragraph at lines 334--339

 []

) (patterns.tex [15] [16]
Underfull \hbox (badness 10000) in paragraph at lines 175--181

 []

[17] [18] [19] [20]) (classes.tex [21] [22] [23] [24] [25] [26]) (moretypes.tex
[27]
Overfull \hbox (0.5705pt too wide) in paragraph at lines 64--67
\OT1/cmr/m/n/10.95 The fields within a Haskell data type can be ac-cessed ei-th
er po-si-tion-ally or by name us-ing [].
 []


Underfull \hbox (badness 10000) in paragraph at lines 98--103

 []


Overfull \hbox (2.41925pt too wide) in paragraph at lines 104--111
[]\OT1/cmr/m/n/10.95 Field la-bels can also be used to con-struct new val-ues. 
The ex-pres-sion []
 []


Underfull \hbox (badness 10000) in paragraph at lines 114--117

 []

[28] [29]) (io.tex [30] [31] [32] [33]
Underfull \hbox (badness 10000) in paragraph at lines 275--284

 []

[34]
Underfull \vbox (badness 10000) has occurred while \output is active []

 [35]
[36]) (stdclasses.tex [37]
Overfull \hbox (1.39136pt too wide) in paragraph at lines 114--126
[] 
 []

[38] [39]
Overfull \hbox (8.55182pt too wide) detected at line 198
[]
 []


Underfull \hbox (badness 10000) in paragraph at lines 220--230

 []

[40]
Underfull \hbox (badness 10000) in paragraph at lines 292--298

 []

[41]) (monads.tex [42] [43] [44] [45] [46] [47] [48] [49]) (numbers.tex
[50]
Underfull \hbox (badness 10000) in paragraph at lines 61--66

 []

[51]
Overfull \hbox (12.0541pt too wide) in paragraph at lines 79--90
[]\OT1/cmr/m/n/10.95 , which re-stricts the ar-gu-ment type; thus, the stan-dar
d com-plex types are []
 []


Underfull \hbox (badness 10000) in paragraph at lines 90--94

 []


Underfull \hbox (badness 10000) in paragraph at lines 103--107

 []


Underfull \hbox (badness 10000) in paragraph at lines 120--131

 []

[52] [53]) (modules.tex [54]
Underfull \vbox (badness 10000) has occurred while \output is active []

 [55]
[56]) (pitfalls.tex [57]
Underfull \hbox (badness 10000) in paragraph at lines 38--42

 []

[58]) (arrays.tex [59] [60]
Overfull \hbox (1.39136pt too wide) in paragraph at lines 138--149
[] 
 []


Underfull \hbox (badness 10000) in paragraph at lines 156--162

 []

[61]
Underfull \hbox (badness 10000) in paragraph at lines 187--193

 []


Overfull \hbox (1.39136pt too wide) in paragraph at lines 207--223
[] 
 []

[62]
Underfull \hbox (badness 10000) in paragraph at lines 223--235

 []

) (end.tex [63]) (haskell-tutorial.bbl) [64] (haskell-tutorial.aux)

LaTeX Warning: Label(s) may have changed. Rerun to get cross-references right.

 ) 
Here is how much of TeX's memory you used:
 547 strings out of 10898
 6424 string characters out of 96881
 51436 words of memory out of 263001
 3492 multiletter control sequences out of 10000+0
 12152 words of font info for 42 fonts, out of 400000 for 1000
 14 hyphenation exceptions out of 1000
 26i,9n,19p,206b,270s stack positions out of 300i,100n,500p,50000b,4000s

Output written on haskell-tutorial.dvi (64 pages, 225084 bytes).
